2015/02/10 15:18:42 INFO  - jmeter.util.JMeterUtils: Setting Locale to en_US 
2015/02/10 15:18:43 INFO  - jmeter.JMeter: Loading user properties from: /usr/local/Cellar/jmeter/2.12/libexec/bin/user.properties 
2015/02/10 15:18:43 INFO  - jmeter.JMeter: Loading system properties from: /usr/local/Cellar/jmeter/2.12/libexec/bin/system.properties 
2015/02/10 15:18:43 INFO  - jmeter.JMeter: Copyright (c) 1998-2014 The Apache Software Foundation 
2015/02/10 15:18:43 INFO  - jmeter.JMeter: Version 2.12 r1636949 
2015/02/10 15:18:43 INFO  - jmeter.JMeter: java.version=1.8.0_31 
2015/02/10 15:18:43 INFO  - jmeter.JMeter: java.vm.name=Java HotSpot(TM) 64-Bit Server VM 
2015/02/10 15:18:43 INFO  - jmeter.JMeter: os.name=Mac OS X 
2015/02/10 15:18:43 INFO  - jmeter.JMeter: os.arch=x86_64 
2015/02/10 15:18:43 INFO  - jmeter.JMeter: os.version=10.9.4 
2015/02/10 15:18:43 INFO  - jmeter.JMeter: file.encoding=UTF-8 
2015/02/10 15:18:43 INFO  - jmeter.JMeter: Default Locale=English (United States) 
2015/02/10 15:18:43 INFO  - jmeter.JMeter: JMeter  Locale=English (United States) 
2015/02/10 15:18:43 INFO  - jmeter.JMeter: JMeterHome=/usr/local/Cellar/jmeter/2.12/libexec 
2015/02/10 15:18:43 INFO  - jmeter.JMeter: user.dir  =/Users/stephen.bresnick/Sites/devdesktop/sifubo/sites 
2015/02/10 15:18:43 INFO  - jmeter.JMeter: PWD       =/Users/stephen.bresnick/Sites/devdesktop/sifubo/sites 
2015/02/10 15:18:43 INFO  - jmeter.JMeter: IP: 10.0.0.12 Name: MacBookAir-stephenbresnick.local FullName: 10.0.0.12 
2015/02/10 15:18:43 INFO  - jmeter.JMeter: Loaded icon properties from org/apache/jmeter/images/icon.properties 
2015/02/10 15:18:45 INFO  - jmeter.engine.util.CompoundVariable: Note: Function class names must contain the string: '.functions.' 
2015/02/10 15:18:45 INFO  - jmeter.engine.util.CompoundVariable: Note: Function class names must not contain the string: '.gui.' 
2015/02/10 15:18:45 INFO  - jmeter.gui.action.LookAndFeelCommand: Using look and feel: com.apple.laf.AquaLookAndFeel [Mac OS X, System] 
2015/02/10 15:18:46 INFO  - jmeter.util.BSFTestElement: Registering JMeter version of JavaScript engine as work-round for BSF-22 
2015/02/10 15:18:46 INFO  - jmeter.protocol.http.sampler.HTTPSamplerBase: Cannot find .className property for htmlParser, using default 
2015/02/10 15:18:46 INFO  - jmeter.protocol.http.sampler.HTTPSamplerBase: Parser for text/html is  
2015/02/10 15:18:46 INFO  - jmeter.protocol.http.sampler.HTTPSamplerBase: Parser for application/xhtml+xml is  
2015/02/10 15:18:46 INFO  - jmeter.protocol.http.sampler.HTTPSamplerBase: Parser for application/xml is  
2015/02/10 15:18:46 INFO  - jmeter.protocol.http.sampler.HTTPSamplerBase: Parser for text/xml is  
2015/02/10 15:18:46 INFO  - jmeter.protocol.http.sampler.HTTPSamplerBase: Parser for text/vnd.wap.wml is org.apache.jmeter.protocol.http.parser.RegexpHTMLParser 
2015/02/10 15:18:46 INFO  - jmeter.gui.util.MenuFactory: Skipping org.apache.jmeter.protocol.http.control.gui.WebServiceSamplerGui 
2015/02/10 15:18:47 INFO  - jmeter.gui.util.MenuFactory: Skipping org.apache.jmeter.protocol.http.modifier.gui.ParamModifierGui 
2015/02/10 15:18:47 INFO  - jorphan.exec.KeyToolUtils: keytool found at 'keytool' 
2015/02/10 15:18:47 INFO  - jmeter.protocol.http.proxy.ProxyControl: HTTP(S) Test Script Recorder SSL Proxy will use keys that support embedded 3rd party resources in file /usr/local/Cellar/jmeter/2.12/libexec/bin/proxyserver.jks 
2015/02/10 15:18:48 INFO  - jmeter.samplers.SampleResult: Note: Sample TimeStamps are START times 
2015/02/10 15:18:48 INFO  - jmeter.samplers.SampleResult: sampleresult.default.encoding is set to ISO-8859-1 
2015/02/10 15:18:48 INFO  - jmeter.samplers.SampleResult: sampleresult.useNanoTime=true 
2015/02/10 15:18:48 INFO  - jmeter.samplers.SampleResult: sampleresult.nanoThreadSleep=5000 
2015/02/10 15:19:21 INFO  - jmeter.services.FileServer: Default base='/Users/stephen.bresnick/Sites/devdesktop/sifubo/sites' 
2015/02/10 15:19:21 INFO  - jmeter.gui.action.Load: Loading file: /Users/stephen.bresnick/All Nodes.jmx 
2015/02/10 15:19:21 INFO  - jmeter.services.FileServer: Set new base='/Users/stephen.bresnick' 
2015/02/10 15:19:21 INFO  - jmeter.save.SaveService: Testplan (JMX) version: 2.2. Testlog (JTL) version: 2.2 
2015/02/10 15:19:21 INFO  - jmeter.save.SaveService: Using SaveService properties file encoding UTF-8 
2015/02/10 15:19:21 INFO  - jmeter.save.SaveService: Using SaveService properties version 2.7 
2015/02/10 15:19:21 INFO  - jmeter.save.SaveService: Using SaveService properties file version 1618048 
2015/02/10 15:19:21 INFO  - jmeter.save.SaveService: All converter versions present and correct 
2015/02/10 15:19:21 INFO  - jmeter.services.FileServer: Set new base='/Users/stephen.bresnick' 
2015/02/10 15:20:51 INFO  - jmeter.engine.StandardJMeterEngine: Listeners will be started after enabling running version 
2015/02/10 15:20:51 INFO  - jmeter.engine.StandardJMeterEngine: To revert to the earlier behaviour, define jmeterengine.startlistenerslater=false 
2015/02/10 15:20:51 INFO  - jmeter.engine.StandardJMeterEngine: Running the test! 
2015/02/10 15:20:51 INFO  - jmeter.samplers.SampleEvent: List of sample_variables: [] 
2015/02/10 15:20:51 INFO  - jmeter.samplers.SampleEvent: List of sample_variables: [] 
2015/02/10 15:20:51 INFO  - jmeter.gui.util.JMeterMenuBar: setRunning(true,*local*) 
2015/02/10 15:20:52 INFO  - jmeter.engine.StandardJMeterEngine: Starting ThreadGroup: 1 : All Nodes 
2015/02/10 15:20:52 INFO  - jmeter.engine.StandardJMeterEngine: Starting 10 threads for group All Nodes. 
2015/02/10 15:20:52 INFO  - jmeter.engine.StandardJMeterEngine: Thread will continue on error 
2015/02/10 15:20:52 INFO  - jmeter.threads.ThreadGroup: Starting thread group number 1 threads 10 ramp-up 1 perThread 100.0 delayedStart=false 
2015/02/10 15:20:52 INFO  - jmeter.threads.JMeterThread: jmeterthread.startearlier=true (see jmeter.properties) 
2015/02/10 15:20:52 INFO  - jmeter.threads.JMeterThread: Running PostProcessors in forward order 
2015/02/10 15:20:52 INFO  - jmeter.threads.JMeterThread: Thread started: All Nodes 1-1 
2015/02/10 15:20:52 INFO  - jmeter.threads.ThreadGroup: Started thread group number 1 
2015/02/10 15:20:52 INFO  - jmeter.engine.StandardJMeterEngine: Starting ThreadGroup: 2 : English Nodes 
2015/02/10 15:20:52 INFO  - jmeter.engine.StandardJMeterEngine: Starting 10 threads for group English Nodes. 
2015/02/10 15:20:52 INFO  - jmeter.engine.StandardJMeterEngine: Thread will continue on error 
2015/02/10 15:20:52 INFO  - jmeter.threads.ThreadGroup: Starting thread group number 2 threads 10 ramp-up 1 perThread 100.0 delayedStart=false 
2015/02/10 15:20:52 INFO  - jmeter.threads.JMeterThread: Thread started: English Nodes 2-1 
2015/02/10 15:20:52 INFO  - jmeter.threads.ThreadGroup: Started thread group number 2 
2015/02/10 15:20:52 INFO  - jmeter.engine.StandardJMeterEngine: Starting ThreadGroup: 3 : French Nodes 
2015/02/10 15:20:52 INFO  - jmeter.engine.StandardJMeterEngine: Starting 10 threads for group French Nodes. 
2015/02/10 15:20:52 INFO  - jmeter.engine.StandardJMeterEngine: Thread will continue on error 
2015/02/10 15:20:52 INFO  - jmeter.threads.ThreadGroup: Starting thread group number 3 threads 10 ramp-up 1 perThread 100.0 delayedStart=false 
2015/02/10 15:20:52 INFO  - jmeter.threads.JMeterThread: Thread started: French Nodes 3-1 
2015/02/10 15:20:52 INFO  - jmeter.threads.ThreadGroup: Started thread group number 3 
2015/02/10 15:20:52 INFO  - jmeter.engine.StandardJMeterEngine: Starting ThreadGroup: 4 : Chinese Nodes 
2015/02/10 15:20:52 INFO  - jmeter.engine.StandardJMeterEngine: Starting 10 threads for group Chinese Nodes. 
2015/02/10 15:20:52 INFO  - jmeter.engine.StandardJMeterEngine: Thread will continue on error 
2015/02/10 15:20:52 INFO  - jmeter.threads.ThreadGroup: Starting thread group number 4 threads 10 ramp-up 1 perThread 100.0 delayedStart=false 
2015/02/10 15:20:52 INFO  - jmeter.threads.JMeterThread: Thread started: Chinese Nodes 4-1 
2015/02/10 15:20:52 INFO  - jmeter.threads.ThreadGroup: Started thread group number 4 
2015/02/10 15:20:52 INFO  - jmeter.engine.StandardJMeterEngine: All thread groups have been started 
2015/02/10 15:20:52 INFO  - jmeter.protocol.http.sampler.HTTPHCAbstractImpl: Local host = MacBookAir-stephenbresnick.local 
2015/02/10 15:20:52 INFO  - jmeter.protocol.http.sampler.HTTPHC4Impl: HTTP request retry count = 0 
2015/02/10 15:20:52 INFO  - jmeter.threads.JMeterThread: Thread started: All Nodes 1-2 
2015/02/10 15:20:52 INFO  - jmeter.protocol.http.sampler.HTTPHC4Impl: Setting up HTTPS TrustAll scheme 
2015/02/10 15:20:52 INFO  - jmeter.util.JsseSSLManager: Using default SSL protocol: TLS 
2015/02/10 15:20:52 INFO  - jmeter.util.JsseSSLManager: SSL session context: per-thread 
2015/02/10 15:20:52 INFO  - jmeter.threads.JMeterThread: Thread started: English Nodes 2-2 
2015/02/10 15:20:52 INFO  - jmeter.threads.JMeterThread: Thread started: French Nodes 3-2 
2015/02/10 15:20:52 INFO  - jmeter.threads.JMeterThread: Thread started: Chinese Nodes 4-2 
2015/02/10 15:20:52 INFO  - jmeter.threads.JMeterThread: Thread started: All Nodes 1-3 
2015/02/10 15:20:52 INFO  - jmeter.threads.JMeterThread: Thread started: English Nodes 2-3 
2015/02/10 15:20:52 INFO  - jmeter.threads.JMeterThread: Thread started: French Nodes 3-3 
2015/02/10 15:20:52 INFO  - jmeter.threads.JMeterThread: Thread started: Chinese Nodes 4-3 
2015/02/10 15:20:52 INFO  - jmeter.threads.JMeterThread: Thread started: All Nodes 1-4 
2015/02/10 15:20:52 INFO  - jmeter.threads.JMeterThread: Thread started: English Nodes 2-4 
2015/02/10 15:20:52 INFO  - jmeter.threads.JMeterThread: Thread started: French Nodes 3-4 
2015/02/10 15:20:52 INFO  - jmeter.threads.JMeterThread: Thread started: Chinese Nodes 4-4 
2015/02/10 15:20:52 INFO  - jmeter.threads.JMeterThread: Thread started: All Nodes 1-5 
2015/02/10 15:20:52 INFO  - jmeter.threads.JMeterThread: Thread started: English Nodes 2-5 
2015/02/10 15:20:52 INFO  - jmeter.threads.JMeterThread: Thread started: French Nodes 3-5 
2015/02/10 15:20:52 INFO  - jmeter.threads.JMeterThread: Thread started: Chinese Nodes 4-5 
2015/02/10 15:20:52 INFO  - jmeter.threads.JMeterThread: Thread started: All Nodes 1-6 
2015/02/10 15:20:52 INFO  - jmeter.threads.JMeterThread: Thread started: English Nodes 2-6 
2015/02/10 15:20:52 INFO  - jmeter.threads.JMeterThread: Thread started: French Nodes 3-6 
2015/02/10 15:20:52 INFO  - jmeter.threads.JMeterThread: Thread started: Chinese Nodes 4-6 
2015/02/10 15:20:52 INFO  - jmeter.threads.JMeterThread: Thread started: All Nodes 1-7 
2015/02/10 15:20:52 INFO  - jmeter.threads.JMeterThread: Thread started: English Nodes 2-7 
2015/02/10 15:20:52 INFO  - jmeter.threads.JMeterThread: Thread started: French Nodes 3-7 
2015/02/10 15:20:52 INFO  - jmeter.threads.JMeterThread: Thread started: Chinese Nodes 4-7 
2015/02/10 15:20:52 INFO  - jmeter.threads.JMeterThread: Thread started: All Nodes 1-8 
2015/02/10 15:20:52 INFO  - jmeter.threads.JMeterThread: Thread started: English Nodes 2-8 
2015/02/10 15:20:52 INFO  - jmeter.threads.JMeterThread: Thread started: French Nodes 3-8 
2015/02/10 15:20:52 INFO  - jmeter.threads.JMeterThread: Thread started: Chinese Nodes 4-8 
2015/02/10 15:20:53 INFO  - jmeter.threads.JMeterThread: Thread started: All Nodes 1-9 
2015/02/10 15:20:53 INFO  - jmeter.threads.JMeterThread: Thread started: English Nodes 2-9 
2015/02/10 15:20:53 INFO  - jmeter.threads.JMeterThread: Thread started: French Nodes 3-9 
2015/02/10 15:20:53 INFO  - jmeter.threads.JMeterThread: Thread started: Chinese Nodes 4-9 
2015/02/10 15:20:53 INFO  - jmeter.threads.JMeterThread: Thread started: All Nodes 1-10 
2015/02/10 15:20:53 INFO  - jmeter.threads.JMeterThread: Thread started: English Nodes 2-10 
2015/02/10 15:20:53 INFO  - jmeter.threads.JMeterThread: Thread started: French Nodes 3-10 
2015/02/10 15:20:53 INFO  - jmeter.threads.JMeterThread: Thread started: Chinese Nodes 4-10 
2015/02/10 15:21:04 INFO  - jmeter.threads.JMeterThread: Thread is done: English Nodes 2-6 
2015/02/10 15:21:04 INFO  - jmeter.threads.JMeterThread: Thread finished: English Nodes 2-6 
2015/02/10 15:21:05 INFO  - jmeter.threads.JMeterThread: Thread is done: English Nodes 2-9 
2015/02/10 15:21:05 INFO  - jmeter.threads.JMeterThread: Thread finished: English Nodes 2-9 
2015/02/10 15:21:05 INFO  - jmeter.threads.JMeterThread: Thread is done: French Nodes 3-6 
2015/02/10 15:21:05 INFO  - jmeter.threads.JMeterThread: Thread finished: French Nodes 3-6 
2015/02/10 15:21:05 INFO  - jmeter.threads.JMeterThread: Thread is done: English Nodes 2-3 
2015/02/10 15:21:05 INFO  - jmeter.threads.JMeterThread: Thread finished: English Nodes 2-3 
2015/02/10 15:21:05 INFO  - jmeter.threads.JMeterThread: Thread is done: English Nodes 2-2 
2015/02/10 15:21:05 INFO  - jmeter.threads.JMeterThread: Thread finished: English Nodes 2-2 
2015/02/10 15:21:05 INFO  - jmeter.threads.JMeterThread: Thread is done: English Nodes 2-8 
2015/02/10 15:21:05 INFO  - jmeter.threads.JMeterThread: Thread finished: English Nodes 2-8 
2015/02/10 15:21:05 INFO  - jmeter.threads.JMeterThread: Thread is done: English Nodes 2-7 
2015/02/10 15:21:05 INFO  - jmeter.threads.JMeterThread: Thread finished: English Nodes 2-7 
2015/02/10 15:21:05 INFO  - jmeter.threads.JMeterThread: Thread is done: English Nodes 2-10 
2015/02/10 15:21:05 INFO  - jmeter.threads.JMeterThread: Thread finished: English Nodes 2-10 
2015/02/10 15:21:05 INFO  - jmeter.threads.JMeterThread: Thread is done: English Nodes 2-4 
2015/02/10 15:21:05 INFO  - jmeter.threads.JMeterThread: Thread finished: English Nodes 2-4 
2015/02/10 15:21:05 INFO  - jmeter.threads.JMeterThread: Thread is done: English Nodes 2-5 
2015/02/10 15:21:05 INFO  - jmeter.threads.JMeterThread: Thread finished: English Nodes 2-5 
2015/02/10 15:21:05 INFO  - jmeter.threads.JMeterThread: Thread is done: English Nodes 2-1 
2015/02/10 15:21:05 INFO  - jmeter.threads.JMeterThread: Thread finished: English Nodes 2-1 
2015/02/10 15:21:06 INFO  - jmeter.threads.JMeterThread: Thread is done: French Nodes 3-2 
2015/02/10 15:21:06 INFO  - jmeter.threads.JMeterThread: Thread finished: French Nodes 3-2 
2015/02/10 15:21:06 INFO  - jmeter.threads.JMeterThread: Thread is done: French Nodes 3-4 
2015/02/10 15:21:06 INFO  - jmeter.threads.JMeterThread: Thread finished: French Nodes 3-4 
2015/02/10 15:21:06 INFO  - jmeter.threads.JMeterThread: Thread is done: French Nodes 3-7 
2015/02/10 15:21:06 INFO  - jmeter.threads.JMeterThread: Thread finished: French Nodes 3-7 
2015/02/10 15:21:06 INFO  - jmeter.threads.JMeterThread: Thread is done: French Nodes 3-1 
2015/02/10 15:21:06 INFO  - jmeter.threads.JMeterThread: Thread finished: French Nodes 3-1 
2015/02/10 15:21:06 INFO  - jmeter.threads.JMeterThread: Thread is done: French Nodes 3-3 
2015/02/10 15:21:06 INFO  - jmeter.threads.JMeterThread: Thread finished: French Nodes 3-3 
2015/02/10 15:21:06 INFO  - jmeter.threads.JMeterThread: Thread is done: French Nodes 3-5 
2015/02/10 15:21:06 INFO  - jmeter.threads.JMeterThread: Thread finished: French Nodes 3-5 
2015/02/10 15:21:06 INFO  - jmeter.threads.JMeterThread: Thread is done: French Nodes 3-8 
2015/02/10 15:21:06 INFO  - jmeter.threads.JMeterThread: Thread finished: French Nodes 3-8 
2015/02/10 15:21:06 INFO  - jmeter.threads.JMeterThread: Thread is done: French Nodes 3-10 
2015/02/10 15:21:06 INFO  - jmeter.threads.JMeterThread: Thread finished: French Nodes 3-10 
2015/02/10 15:21:06 INFO  - jmeter.threads.JMeterThread: Thread is done: French Nodes 3-9 
2015/02/10 15:21:06 INFO  - jmeter.threads.JMeterThread: Thread finished: French Nodes 3-9 
2015/02/10 15:21:06 INFO  - jmeter.threads.JMeterThread: Thread is done: Chinese Nodes 4-7 
2015/02/10 15:21:06 INFO  - jmeter.threads.JMeterThread: Thread finished: Chinese Nodes 4-7 
2015/02/10 15:21:06 INFO  - jmeter.threads.JMeterThread: Thread is done: Chinese Nodes 4-2 
2015/02/10 15:21:06 INFO  - jmeter.threads.JMeterThread: Thread finished: Chinese Nodes 4-2 
2015/02/10 15:21:06 INFO  - jmeter.threads.JMeterThread: Thread is done: Chinese Nodes 4-10 
2015/02/10 15:21:06 INFO  - jmeter.threads.JMeterThread: Thread finished: Chinese Nodes 4-10 
2015/02/10 15:21:06 INFO  - jmeter.threads.JMeterThread: Thread is done: Chinese Nodes 4-6 
2015/02/10 15:21:06 INFO  - jmeter.threads.JMeterThread: Thread finished: Chinese Nodes 4-6 
2015/02/10 15:21:06 INFO  - jmeter.threads.JMeterThread: Thread is done: Chinese Nodes 4-5 
2015/02/10 15:21:06 INFO  - jmeter.threads.JMeterThread: Thread finished: Chinese Nodes 4-5 
2015/02/10 15:21:06 INFO  - jmeter.threads.JMeterThread: Thread is done: Chinese Nodes 4-9 
2015/02/10 15:21:06 INFO  - jmeter.threads.JMeterThread: Thread finished: Chinese Nodes 4-9 
2015/02/10 15:21:06 INFO  - jmeter.threads.JMeterThread: Thread is done: Chinese Nodes 4-4 
2015/02/10 15:21:06 INFO  - jmeter.threads.JMeterThread: Thread finished: Chinese Nodes 4-4 
2015/02/10 15:21:06 INFO  - jmeter.threads.JMeterThread: Thread is done: Chinese Nodes 4-3 
2015/02/10 15:21:06 INFO  - jmeter.threads.JMeterThread: Thread finished: Chinese Nodes 4-3 
2015/02/10 15:21:06 INFO  - jmeter.threads.JMeterThread: Thread is done: Chinese Nodes 4-8 
2015/02/10 15:21:06 INFO  - jmeter.threads.JMeterThread: Thread finished: Chinese Nodes 4-8 
2015/02/10 15:21:06 INFO  - jmeter.threads.JMeterThread: Thread is done: Chinese Nodes 4-1 
2015/02/10 15:21:06 INFO  - jmeter.threads.JMeterThread: Thread finished: Chinese Nodes 4-1 
2015/02/10 15:21:10 INFO  - jmeter.threads.JMeterThread: Thread is done: All Nodes 1-3 
2015/02/10 15:21:10 INFO  - jmeter.threads.JMeterThread: Thread finished: All Nodes 1-3 
2015/02/10 15:21:10 INFO  - jmeter.threads.JMeterThread: Thread is done: All Nodes 1-7 
2015/02/10 15:21:10 INFO  - jmeter.threads.JMeterThread: Thread finished: All Nodes 1-7 
2015/02/10 15:21:10 INFO  - jmeter.threads.JMeterThread: Thread is done: All Nodes 1-1 
2015/02/10 15:21:10 INFO  - jmeter.threads.JMeterThread: Thread finished: All Nodes 1-1 
2015/02/10 15:21:10 INFO  - jmeter.threads.JMeterThread: Thread is done: All Nodes 1-4 
2015/02/10 15:21:10 INFO  - jmeter.threads.JMeterThread: Thread finished: All Nodes 1-4 
2015/02/10 15:21:10 INFO  - jmeter.threads.JMeterThread: Thread is done: All Nodes 1-6 
2015/02/10 15:21:10 INFO  - jmeter.threads.JMeterThread: Thread finished: All Nodes 1-6 
2015/02/10 15:21:10 INFO  - jmeter.threads.JMeterThread: Thread is done: All Nodes 1-8 
2015/02/10 15:21:10 INFO  - jmeter.threads.JMeterThread: Thread finished: All Nodes 1-8 
2015/02/10 15:21:11 INFO  - jmeter.threads.JMeterThread: Thread is done: All Nodes 1-2 
2015/02/10 15:21:11 INFO  - jmeter.threads.JMeterThread: Thread finished: All Nodes 1-2 
2015/02/10 15:21:11 INFO  - jmeter.threads.JMeterThread: Thread is done: All Nodes 1-10 
2015/02/10 15:21:11 INFO  - jmeter.threads.JMeterThread: Thread finished: All Nodes 1-10 
2015/02/10 15:21:11 INFO  - jmeter.threads.JMeterThread: Thread is done: All Nodes 1-9 
2015/02/10 15:21:11 INFO  - jmeter.threads.JMeterThread: Thread finished: All Nodes 1-9 
2015/02/10 15:21:11 INFO  - jmeter.threads.JMeterThread: Thread is done: All Nodes 1-5 
2015/02/10 15:21:11 INFO  - jmeter.threads.JMeterThread: Thread finished: All Nodes 1-5 
2015/02/10 15:21:11 INFO  - jmeter.engine.StandardJMeterEngine: Notifying test listeners of end of test 
2015/02/10 15:21:11 INFO  - jmeter.gui.util.JMeterMenuBar: setRunning(false,*local*) 
2015/02/10 15:24:37 INFO  - jmeter.engine.StandardJMeterEngine: Running the test! 
2015/02/10 15:24:37 INFO  - jmeter.samplers.SampleEvent: List of sample_variables: [] 
2015/02/10 15:24:37 INFO  - jmeter.gui.util.JMeterMenuBar: setRunning(true,*local*) 
2015/02/10 15:24:37 INFO  - jmeter.engine.StandardJMeterEngine: Starting ThreadGroup: 1 : All Nodes 
2015/02/10 15:24:37 INFO  - jmeter.engine.StandardJMeterEngine: Starting 0 threads for group All Nodes. 
2015/02/10 15:24:37 INFO  - jmeter.engine.StandardJMeterEngine: Thread will continue on error 
2015/02/10 15:24:37 INFO  - jmeter.threads.ThreadGroup: Starting thread group number 1 threads 0 ramp-up 1 perThread Infinity delayedStart=false 
2015/02/10 15:24:37 INFO  - jmeter.threads.ThreadGroup: Started thread group number 1 
2015/02/10 15:24:37 INFO  - jmeter.engine.StandardJMeterEngine: Starting ThreadGroup: 2 : English Nodes 
2015/02/10 15:24:37 INFO  - jmeter.engine.StandardJMeterEngine: Starting 50 threads for group English Nodes. 
2015/02/10 15:24:37 INFO  - jmeter.engine.StandardJMeterEngine: Thread will continue on error 
2015/02/10 15:24:37 INFO  - jmeter.threads.ThreadGroup: Starting thread group number 2 threads 50 ramp-up 1 perThread 20.0 delayedStart=false 
2015/02/10 15:24:37 INFO  - jmeter.threads.JMeterThread: Thread started: English Nodes 2-1 
2015/02/10 15:24:37 INFO  - jmeter.threads.JMeterThread: Thread started: English Nodes 2-2 
2015/02/10 15:24:37 INFO  - jmeter.threads.JMeterThread: Thread started: English Nodes 2-3 
2015/02/10 15:24:37 INFO  - jmeter.threads.ThreadGroup: Started thread group number 2 
2015/02/10 15:24:37 INFO  - jmeter.engine.StandardJMeterEngine: Starting ThreadGroup: 3 : French Nodes 
2015/02/10 15:24:37 INFO  - jmeter.engine.StandardJMeterEngine: Starting 0 threads for group French Nodes. 
2015/02/10 15:24:37 INFO  - jmeter.engine.StandardJMeterEngine: Thread will continue on error 
2015/02/10 15:24:37 INFO  - jmeter.threads.ThreadGroup: Starting thread group number 3 threads 0 ramp-up 1 perThread Infinity delayedStart=false 
2015/02/10 15:24:37 INFO  - jmeter.threads.ThreadGroup: Started thread group number 3 
2015/02/10 15:24:37 INFO  - jmeter.engine.StandardJMeterEngine: Starting ThreadGroup: 4 : Chinese Nodes 
2015/02/10 15:24:37 INFO  - jmeter.engine.StandardJMeterEngine: Starting 0 threads for group Chinese Nodes. 
2015/02/10 15:24:37 INFO  - jmeter.engine.StandardJMeterEngine: Thread will continue on error 
2015/02/10 15:24:37 INFO  - jmeter.threads.ThreadGroup: Starting thread group number 4 threads 0 ramp-up 1 perThread Infinity delayedStart=false 
2015/02/10 15:24:37 INFO  - jmeter.threads.ThreadGroup: Started thread group number 4 
2015/02/10 15:24:37 INFO  - jmeter.engine.StandardJMeterEngine: All thread groups have been started 
2015/02/10 15:24:37 INFO  - jmeter.threads.JMeterThread: Thread started: English Nodes 2-4 
2015/02/10 15:24:37 INFO  - jmeter.threads.JMeterThread: Thread started: English Nodes 2-5 
2015/02/10 15:24:37 INFO  - jmeter.threads.JMeterThread: Thread started: English Nodes 2-6 
2015/02/10 15:24:37 INFO  - jmeter.threads.JMeterThread: Thread started: English Nodes 2-7 
2015/02/10 15:24:37 INFO  - jmeter.threads.JMeterThread: Thread started: English Nodes 2-8 
2015/02/10 15:24:38 INFO  - jmeter.threads.JMeterThread: Thread started: English Nodes 2-9 
2015/02/10 15:24:38 INFO  - jmeter.threads.JMeterThread: Thread started: English Nodes 2-10 
2015/02/10 15:24:38 INFO  - jmeter.threads.JMeterThread: Thread started: English Nodes 2-11 
2015/02/10 15:24:38 INFO  - jmeter.threads.JMeterThread: Thread started: English Nodes 2-12 
2015/02/10 15:24:38 INFO  - jmeter.threads.JMeterThread: Thread started: English Nodes 2-13 
2015/02/10 15:24:38 INFO  - jmeter.threads.JMeterThread: Thread started: English Nodes 2-14 
2015/02/10 15:24:38 INFO  - jmeter.threads.JMeterThread: Thread started: English Nodes 2-15 
2015/02/10 15:24:38 INFO  - jmeter.threads.JMeterThread: Thread started: English Nodes 2-16 
2015/02/10 15:24:38 INFO  - jmeter.threads.JMeterThread: Thread started: English Nodes 2-17 
2015/02/10 15:24:38 INFO  - jmeter.threads.JMeterThread: Thread started: English Nodes 2-18 
2015/02/10 15:24:38 INFO  - jmeter.threads.JMeterThread: Thread started: English Nodes 2-19 
2015/02/10 15:24:38 INFO  - jmeter.threads.JMeterThread: Thread started: English Nodes 2-20 
2015/02/10 15:24:38 INFO  - jmeter.threads.JMeterThread: Thread started: English Nodes 2-21 
2015/02/10 15:24:38 INFO  - jmeter.threads.JMeterThread: Thread started: English Nodes 2-22 
2015/02/10 15:24:38 INFO  - jmeter.threads.JMeterThread: Thread started: English Nodes 2-23 
2015/02/10 15:24:38 INFO  - jmeter.threads.JMeterThread: Thread started: English Nodes 2-24 
2015/02/10 15:24:38 INFO  - jmeter.threads.JMeterThread: Thread started: English Nodes 2-25 
2015/02/10 15:24:38 INFO  - jmeter.threads.JMeterThread: Thread started: English Nodes 2-26 
2015/02/10 15:24:38 INFO  - jmeter.threads.JMeterThread: Thread started: English Nodes 2-27 
2015/02/10 15:24:38 INFO  - jmeter.threads.JMeterThread: Thread started: English Nodes 2-28 
2015/02/10 15:24:38 INFO  - jmeter.threads.JMeterThread: Thread started: English Nodes 2-29 
2015/02/10 15:24:38 INFO  - jmeter.threads.JMeterThread: Thread started: English Nodes 2-30 
2015/02/10 15:24:38 INFO  - jmeter.threads.JMeterThread: Thread started: English Nodes 2-31 
2015/02/10 15:24:38 INFO  - jmeter.threads.JMeterThread: Thread started: English Nodes 2-32 
2015/02/10 15:24:38 INFO  - jmeter.threads.JMeterThread: Thread started: English Nodes 2-33 
2015/02/10 15:24:38 INFO  - jmeter.threads.JMeterThread: Thread started: English Nodes 2-34 
2015/02/10 15:24:38 INFO  - jmeter.threads.JMeterThread: Thread started: English Nodes 2-35 
2015/02/10 15:24:38 INFO  - jmeter.threads.JMeterThread: Thread started: English Nodes 2-36 
2015/02/10 15:24:38 INFO  - jmeter.threads.JMeterThread: Thread started: English Nodes 2-37 
2015/02/10 15:24:38 INFO  - jmeter.threads.JMeterThread: Thread started: English Nodes 2-38 
2015/02/10 15:24:38 INFO  - jmeter.threads.JMeterThread: Thread started: English Nodes 2-39 
2015/02/10 15:24:38 INFO  - jmeter.threads.JMeterThread: Thread started: English Nodes 2-40 
2015/02/10 15:24:38 INFO  - jmeter.threads.JMeterThread: Thread started: English Nodes 2-41 
2015/02/10 15:24:38 INFO  - jmeter.threads.JMeterThread: Thread started: English Nodes 2-42 
2015/02/10 15:24:38 INFO  - jmeter.threads.JMeterThread: Thread started: English Nodes 2-43 
2015/02/10 15:24:38 INFO  - jmeter.threads.JMeterThread: Thread started: English Nodes 2-44 
2015/02/10 15:24:38 INFO  - jmeter.threads.JMeterThread: Thread started: English Nodes 2-45 
2015/02/10 15:24:38 INFO  - jmeter.threads.JMeterThread: Thread started: English Nodes 2-46 
2015/02/10 15:24:38 INFO  - jmeter.threads.JMeterThread: Thread started: English Nodes 2-47 
2015/02/10 15:24:38 INFO  - jmeter.threads.JMeterThread: Thread started: English Nodes 2-48 
2015/02/10 15:24:38 INFO  - jmeter.threads.JMeterThread: Thread started: English Nodes 2-49 
2015/02/10 15:24:38 INFO  - jmeter.threads.JMeterThread: Thread started: English Nodes 2-50 
2015/02/10 15:24:45 INFO  - jmeter.threads.JMeterThread: Thread is done: English Nodes 2-2 
2015/02/10 15:24:45 INFO  - jmeter.threads.JMeterThread: Thread finished: English Nodes 2-2 
2015/02/10 15:24:45 INFO  - jmeter.threads.JMeterThread: Thread is done: English Nodes 2-9 
2015/02/10 15:24:45 INFO  - jmeter.threads.JMeterThread: Thread finished: English Nodes 2-9 
2015/02/10 15:24:45 INFO  - jmeter.threads.JMeterThread: Thread is done: English Nodes 2-6 
2015/02/10 15:24:45 INFO  - jmeter.threads.JMeterThread: Thread finished: English Nodes 2-6 
2015/02/10 15:24:45 INFO  - jmeter.threads.JMeterThread: Thread is done: English Nodes 2-1 
2015/02/10 15:24:45 INFO  - jmeter.threads.JMeterThread: Thread finished: English Nodes 2-1 
2015/02/10 15:24:45 INFO  - jmeter.threads.JMeterThread: Thread is done: English Nodes 2-4 
2015/02/10 15:24:45 INFO  - jmeter.threads.JMeterThread: Thread finished: English Nodes 2-4 
2015/02/10 15:24:45 INFO  - jmeter.threads.JMeterThread: Thread is done: English Nodes 2-3 
2015/02/10 15:24:45 INFO  - jmeter.threads.JMeterThread: Thread finished: English Nodes 2-3 
2015/02/10 15:24:45 INFO  - jmeter.threads.JMeterThread: Thread is done: English Nodes 2-8 
2015/02/10 15:24:45 INFO  - jmeter.threads.JMeterThread: Thread finished: English Nodes 2-8 
2015/02/10 15:24:46 INFO  - jmeter.threads.JMeterThread: Thread is done: English Nodes 2-7 
2015/02/10 15:24:46 INFO  - jmeter.threads.JMeterThread: Thread finished: English Nodes 2-7 
2015/02/10 15:24:46 INFO  - jmeter.threads.JMeterThread: Thread is done: English Nodes 2-5 
2015/02/10 15:24:46 INFO  - jmeter.threads.JMeterThread: Thread finished: English Nodes 2-5 
2015/02/10 15:24:46 INFO  - jmeter.threads.JMeterThread: Thread is done: English Nodes 2-11 
2015/02/10 15:24:46 INFO  - jmeter.threads.JMeterThread: Thread finished: English Nodes 2-11 
2015/02/10 15:24:46 INFO  - jmeter.threads.JMeterThread: Thread is done: English Nodes 2-10 
2015/02/10 15:24:46 INFO  - jmeter.threads.JMeterThread: Thread finished: English Nodes 2-10 
2015/02/10 15:24:46 INFO  - jmeter.threads.JMeterThread: Thread is done: English Nodes 2-13 
2015/02/10 15:24:46 INFO  - jmeter.threads.JMeterThread: Thread finished: English Nodes 2-13 
2015/02/10 15:24:46 INFO  - jmeter.threads.JMeterThread: Thread is done: English Nodes 2-12 
2015/02/10 15:24:46 INFO  - jmeter.threads.JMeterThread: Thread finished: English Nodes 2-12 
2015/02/10 15:24:46 INFO  - jmeter.threads.JMeterThread: Thread is done: English Nodes 2-14 
2015/02/10 15:24:46 INFO  - jmeter.threads.JMeterThread: Thread finished: English Nodes 2-14 
2015/02/10 15:24:46 INFO  - jmeter.threads.JMeterThread: Thread is done: English Nodes 2-15 
2015/02/10 15:24:46 INFO  - jmeter.threads.JMeterThread: Thread finished: English Nodes 2-15 
2015/02/10 15:24:46 INFO  - jmeter.threads.JMeterThread: Thread is done: English Nodes 2-16 
2015/02/10 15:24:46 INFO  - jmeter.threads.JMeterThread: Thread finished: English Nodes 2-16 
2015/02/10 15:24:46 INFO  - jmeter.threads.JMeterThread: Thread is done: English Nodes 2-17 
2015/02/10 15:24:46 INFO  - jmeter.threads.JMeterThread: Thread finished: English Nodes 2-17 
2015/02/10 15:24:46 INFO  - jmeter.threads.JMeterThread: Thread is done: English Nodes 2-18 
2015/02/10 15:24:46 INFO  - jmeter.threads.JMeterThread: Thread finished: English Nodes 2-18 
2015/02/10 15:24:47 INFO  - jmeter.threads.JMeterThread: Thread is done: English Nodes 2-19 
2015/02/10 15:24:47 INFO  - jmeter.threads.JMeterThread: Thread finished: English Nodes 2-19 
2015/02/10 15:24:47 INFO  - jmeter.threads.JMeterThread: Thread is done: English Nodes 2-20 
2015/02/10 15:24:47 INFO  - jmeter.threads.JMeterThread: Thread finished: English Nodes 2-20 
2015/02/10 15:24:47 INFO  - jmeter.threads.JMeterThread: Thread is done: English Nodes 2-21 
2015/02/10 15:24:47 INFO  - jmeter.threads.JMeterThread: Thread finished: English Nodes 2-21 
2015/02/10 15:24:47 INFO  - jmeter.threads.JMeterThread: Thread is done: English Nodes 2-23 
2015/02/10 15:24:47 INFO  - jmeter.threads.JMeterThread: Thread finished: English Nodes 2-23 
2015/02/10 15:24:47 INFO  - jmeter.threads.JMeterThread: Thread is done: English Nodes 2-22 
2015/02/10 15:24:47 INFO  - jmeter.threads.JMeterThread: Thread finished: English Nodes 2-22 
2015/02/10 15:24:47 INFO  - jmeter.threads.JMeterThread: Thread is done: English Nodes 2-24 
2015/02/10 15:24:47 INFO  - jmeter.threads.JMeterThread: Thread finished: English Nodes 2-24 
2015/02/10 15:24:47 INFO  - jmeter.threads.JMeterThread: Thread is done: English Nodes 2-25 
2015/02/10 15:24:47 INFO  - jmeter.threads.JMeterThread: Thread finished: English Nodes 2-25 
2015/02/10 15:24:47 INFO  - jmeter.threads.JMeterThread: Thread is done: English Nodes 2-26 
2015/02/10 15:24:47 INFO  - jmeter.threads.JMeterThread: Thread finished: English Nodes 2-26 
2015/02/10 15:24:47 INFO  - jmeter.threads.JMeterThread: Thread is done: English Nodes 2-27 
2015/02/10 15:24:47 INFO  - jmeter.threads.JMeterThread: Thread finished: English Nodes 2-27 
2015/02/10 15:24:47 INFO  - jmeter.threads.JMeterThread: Thread is done: English Nodes 2-28 
2015/02/10 15:24:47 INFO  - jmeter.threads.JMeterThread: Thread finished: English Nodes 2-28 
2015/02/10 15:24:47 INFO  - jmeter.threads.JMeterThread: Thread is done: English Nodes 2-32 
2015/02/10 15:24:47 INFO  - jmeter.threads.JMeterThread: Thread finished: English Nodes 2-32 
2015/02/10 15:24:47 INFO  - jmeter.threads.JMeterThread: Thread is done: English Nodes 2-29 
2015/02/10 15:24:47 INFO  - jmeter.threads.JMeterThread: Thread finished: English Nodes 2-29 
2015/02/10 15:24:47 INFO  - jmeter.threads.JMeterThread: Thread is done: English Nodes 2-30 
2015/02/10 15:24:47 INFO  - jmeter.threads.JMeterThread: Thread finished: English Nodes 2-30 
2015/02/10 15:24:47 INFO  - jmeter.threads.JMeterThread: Thread is done: English Nodes 2-33 
2015/02/10 15:24:47 INFO  - jmeter.threads.JMeterThread: Thread finished: English Nodes 2-33 
2015/02/10 15:24:47 INFO  - jmeter.threads.JMeterThread: Thread is done: English Nodes 2-31 
2015/02/10 15:24:47 INFO  - jmeter.threads.JMeterThread: Thread finished: English Nodes 2-31 
2015/02/10 15:24:47 INFO  - jmeter.threads.JMeterThread: Thread is done: English Nodes 2-34 
2015/02/10 15:24:47 INFO  - jmeter.threads.JMeterThread: Thread finished: English Nodes 2-34 
2015/02/10 15:24:48 INFO  - jmeter.threads.JMeterThread: Thread is done: English Nodes 2-36 
2015/02/10 15:24:48 INFO  - jmeter.threads.JMeterThread: Thread finished: English Nodes 2-36 
2015/02/10 15:24:48 INFO  - jmeter.threads.JMeterThread: Thread is done: English Nodes 2-35 
2015/02/10 15:24:48 INFO  - jmeter.threads.JMeterThread: Thread finished: English Nodes 2-35 
2015/02/10 15:24:48 INFO  - jmeter.threads.JMeterThread: Thread is done: English Nodes 2-37 
2015/02/10 15:24:48 INFO  - jmeter.threads.JMeterThread: Thread finished: English Nodes 2-37 
2015/02/10 15:24:48 INFO  - jmeter.threads.JMeterThread: Thread is done: English Nodes 2-38 
2015/02/10 15:24:48 INFO  - jmeter.threads.JMeterThread: Thread finished: English Nodes 2-38 
2015/02/10 15:24:48 INFO  - jmeter.threads.JMeterThread: Thread is done: English Nodes 2-40 
2015/02/10 15:24:48 INFO  - jmeter.threads.JMeterThread: Thread finished: English Nodes 2-40 
2015/02/10 15:24:48 INFO  - jmeter.threads.JMeterThread: Thread is done: English Nodes 2-42 
2015/02/10 15:24:48 INFO  - jmeter.threads.JMeterThread: Thread finished: English Nodes 2-42 
2015/02/10 15:24:48 INFO  - jmeter.threads.JMeterThread: Thread is done: English Nodes 2-39 
2015/02/10 15:24:48 INFO  - jmeter.threads.JMeterThread: Thread finished: English Nodes 2-39 
2015/02/10 15:24:48 INFO  - jmeter.threads.JMeterThread: Thread is done: English Nodes 2-41 
2015/02/10 15:24:48 INFO  - jmeter.threads.JMeterThread: Thread finished: English Nodes 2-41 
2015/02/10 15:24:48 INFO  - jmeter.threads.JMeterThread: Thread is done: English Nodes 2-43 
2015/02/10 15:24:48 INFO  - jmeter.threads.JMeterThread: Thread finished: English Nodes 2-43 
2015/02/10 15:24:48 INFO  - jmeter.threads.JMeterThread: Thread is done: English Nodes 2-46 
2015/02/10 15:24:48 INFO  - jmeter.threads.JMeterThread: Thread finished: English Nodes 2-46 
2015/02/10 15:24:48 INFO  - jmeter.threads.JMeterThread: Thread is done: English Nodes 2-45 
2015/02/10 15:24:48 INFO  - jmeter.threads.JMeterThread: Thread finished: English Nodes 2-45 
2015/02/10 15:24:48 INFO  - jmeter.threads.JMeterThread: Thread is done: English Nodes 2-47 
2015/02/10 15:24:48 INFO  - jmeter.threads.JMeterThread: Thread finished: English Nodes 2-47 
2015/02/10 15:24:48 INFO  - jmeter.threads.JMeterThread: Thread is done: English Nodes 2-48 
2015/02/10 15:24:48 INFO  - jmeter.threads.JMeterThread: Thread finished: English Nodes 2-48 
2015/02/10 15:24:48 INFO  - jmeter.threads.JMeterThread: Thread is done: English Nodes 2-49 
2015/02/10 15:24:48 INFO  - jmeter.threads.JMeterThread: Thread finished: English Nodes 2-49 
2015/02/10 15:24:48 INFO  - jmeter.threads.JMeterThread: Thread is done: English Nodes 2-50 
2015/02/10 15:24:48 INFO  - jmeter.threads.JMeterThread: Thread finished: English Nodes 2-50 
2015/02/10 15:24:48 INFO  - jmeter.threads.JMeterThread: Thread is done: English Nodes 2-44 
2015/02/10 15:24:48 INFO  - jmeter.threads.JMeterThread: Thread finished: English Nodes 2-44 
2015/02/10 15:24:48 INFO  - jmeter.engine.StandardJMeterEngine: Notifying test listeners of end of test 
2015/02/10 15:24:48 INFO  - jmeter.gui.util.JMeterMenuBar: setRunning(false,*local*) 
2015/02/10 15:24:52 INFO  - jmeter.engine.StandardJMeterEngine: Running the test! 
2015/02/10 15:24:52 INFO  - jmeter.samplers.SampleEvent: List of sample_variables: [] 
2015/02/10 15:24:52 INFO  - jmeter.gui.util.JMeterMenuBar: setRunning(true,*local*) 
2015/02/10 15:24:53 INFO  - jmeter.engine.StandardJMeterEngine: Starting ThreadGroup: 1 : All Nodes 
2015/02/10 15:24:53 INFO  - jmeter.engine.StandardJMeterEngine: Starting 0 threads for group All Nodes. 
2015/02/10 15:24:53 INFO  - jmeter.engine.StandardJMeterEngine: Thread will continue on error 
2015/02/10 15:24:53 INFO  - jmeter.threads.ThreadGroup: Starting thread group number 1 threads 0 ramp-up 1 perThread Infinity delayedStart=false 
2015/02/10 15:24:53 INFO  - jmeter.threads.ThreadGroup: Started thread group number 1 
2015/02/10 15:24:53 INFO  - jmeter.engine.StandardJMeterEngine: Starting ThreadGroup: 2 : English Nodes 
2015/02/10 15:24:53 INFO  - jmeter.engine.StandardJMeterEngine: Starting 50 threads for group English Nodes. 
2015/02/10 15:24:53 INFO  - jmeter.engine.StandardJMeterEngine: Thread will continue on error 
2015/02/10 15:24:53 INFO  - jmeter.threads.ThreadGroup: Starting thread group number 2 threads 50 ramp-up 1 perThread 20.0 delayedStart=false 
2015/02/10 15:24:53 INFO  - jmeter.threads.JMeterThread: Thread started: English Nodes 2-1 
2015/02/10 15:24:53 INFO  - jmeter.threads.JMeterThread: Thread started: English Nodes 2-2 
2015/02/10 15:24:53 INFO  - jmeter.threads.ThreadGroup: Started thread group number 2 
2015/02/10 15:24:53 INFO  - jmeter.engine.StandardJMeterEngine: Starting ThreadGroup: 3 : French Nodes 
2015/02/10 15:24:53 INFO  - jmeter.engine.StandardJMeterEngine: Starting 0 threads for group French Nodes. 
2015/02/10 15:24:53 INFO  - jmeter.engine.StandardJMeterEngine: Thread will continue on error 
2015/02/10 15:24:53 INFO  - jmeter.threads.ThreadGroup: Starting thread group number 3 threads 0 ramp-up 1 perThread Infinity delayedStart=false 
2015/02/10 15:24:53 INFO  - jmeter.threads.ThreadGroup: Started thread group number 3 
2015/02/10 15:24:53 INFO  - jmeter.engine.StandardJMeterEngine: Starting ThreadGroup: 4 : Chinese Nodes 
2015/02/10 15:24:53 INFO  - jmeter.engine.StandardJMeterEngine: Starting 0 threads for group Chinese Nodes. 
2015/02/10 15:24:53 INFO  - jmeter.engine.StandardJMeterEngine: Thread will continue on error 
2015/02/10 15:24:53 INFO  - jmeter.threads.ThreadGroup: Starting thread group number 4 threads 0 ramp-up 1 perThread Infinity delayedStart=false 
2015/02/10 15:24:53 INFO  - jmeter.threads.ThreadGroup: Started thread group number 4 
2015/02/10 15:24:53 INFO  - jmeter.engine.StandardJMeterEngine: All thread groups have been started 
2015/02/10 15:24:53 INFO  - jmeter.threads.JMeterThread: Thread started: English Nodes 2-3 
2015/02/10 15:24:53 INFO  - jmeter.threads.JMeterThread: Thread started: English Nodes 2-4 
2015/02/10 15:24:53 INFO  - jmeter.threads.JMeterThread: Thread started: English Nodes 2-5 
2015/02/10 15:24:53 INFO  - jmeter.threads.JMeterThread: Thread started: English Nodes 2-6 
2015/02/10 15:24:53 INFO  - jmeter.threads.JMeterThread: Thread started: English Nodes 2-7 
2015/02/10 15:24:53 INFO  - jmeter.threads.JMeterThread: Thread started: English Nodes 2-8 
2015/02/10 15:24:53 INFO  - jmeter.threads.JMeterThread: Thread started: English Nodes 2-9 
2015/02/10 15:24:53 INFO  - jmeter.threads.JMeterThread: Thread started: English Nodes 2-10 
2015/02/10 15:24:53 INFO  - jmeter.threads.JMeterThread: Thread started: English Nodes 2-11 
2015/02/10 15:24:53 INFO  - jmeter.threads.JMeterThread: Thread started: English Nodes 2-12 
2015/02/10 15:24:53 INFO  - jmeter.threads.JMeterThread: Thread started: English Nodes 2-13 
2015/02/10 15:24:53 INFO  - jmeter.threads.JMeterThread: Thread started: English Nodes 2-14 
2015/02/10 15:24:53 INFO  - jmeter.threads.JMeterThread: Thread started: English Nodes 2-15 
2015/02/10 15:24:53 INFO  - jmeter.threads.JMeterThread: Thread started: English Nodes 2-16 
2015/02/10 15:24:53 INFO  - jmeter.threads.JMeterThread: Thread started: English Nodes 2-17 
2015/02/10 15:24:53 INFO  - jmeter.threads.JMeterThread: Thread started: English Nodes 2-18 
2015/02/10 15:24:53 INFO  - jmeter.threads.JMeterThread: Thread started: English Nodes 2-19 
2015/02/10 15:24:53 INFO  - jmeter.threads.JMeterThread: Thread started: English Nodes 2-20 
2015/02/10 15:24:53 INFO  - jmeter.threads.JMeterThread: Thread started: English Nodes 2-21 
2015/02/10 15:24:53 INFO  - jmeter.threads.JMeterThread: Thread started: English Nodes 2-22 
2015/02/10 15:24:53 INFO  - jmeter.threads.JMeterThread: Thread started: English Nodes 2-23 
2015/02/10 15:24:53 INFO  - jmeter.threads.JMeterThread: Thread started: English Nodes 2-24 
2015/02/10 15:24:53 INFO  - jmeter.threads.JMeterThread: Thread started: English Nodes 2-25 
2015/02/10 15:24:53 INFO  - jmeter.threads.JMeterThread: Thread started: English Nodes 2-26 
2015/02/10 15:24:53 INFO  - jmeter.threads.JMeterThread: Thread started: English Nodes 2-27 
2015/02/10 15:24:53 INFO  - jmeter.threads.JMeterThread: Thread started: English Nodes 2-28 
2015/02/10 15:24:53 INFO  - jmeter.threads.JMeterThread: Thread started: English Nodes 2-29 
2015/02/10 15:24:53 INFO  - jmeter.threads.JMeterThread: Thread started: English Nodes 2-30 
2015/02/10 15:24:53 INFO  - jmeter.threads.JMeterThread: Thread started: English Nodes 2-31 
2015/02/10 15:24:53 INFO  - jmeter.threads.JMeterThread: Thread started: English Nodes 2-32 
2015/02/10 15:24:53 INFO  - jmeter.threads.JMeterThread: Thread started: English Nodes 2-33 
2015/02/10 15:24:53 INFO  - jmeter.threads.JMeterThread: Thread started: English Nodes 2-34 
2015/02/10 15:24:53 INFO  - jmeter.threads.JMeterThread: Thread started: English Nodes 2-35 
2015/02/10 15:24:53 INFO  - jmeter.threads.JMeterThread: Thread started: English Nodes 2-36 
2015/02/10 15:24:53 INFO  - jmeter.threads.JMeterThread: Thread started: English Nodes 2-37 
2015/02/10 15:24:53 INFO  - jmeter.threads.JMeterThread: Thread started: English Nodes 2-38 
2015/02/10 15:24:53 INFO  - jmeter.threads.JMeterThread: Thread started: English Nodes 2-39 
2015/02/10 15:24:53 INFO  - jmeter.threads.JMeterThread: Thread started: English Nodes 2-40 
2015/02/10 15:24:53 INFO  - jmeter.threads.JMeterThread: Thread started: English Nodes 2-41 
2015/02/10 15:24:53 INFO  - jmeter.threads.JMeterThread: Thread started: English Nodes 2-42 
2015/02/10 15:24:53 INFO  - jmeter.threads.JMeterThread: Thread started: English Nodes 2-43 
2015/02/10 15:24:54 INFO  - jmeter.threads.JMeterThread: Thread started: English Nodes 2-44 
2015/02/10 15:24:54 INFO  - jmeter.threads.JMeterThread: Thread started: English Nodes 2-45 
2015/02/10 15:24:54 INFO  - jmeter.threads.JMeterThread: Thread started: English Nodes 2-46 
2015/02/10 15:24:54 INFO  - jmeter.threads.JMeterThread: Thread started: English Nodes 2-47 
2015/02/10 15:24:54 INFO  - jmeter.threads.JMeterThread: Thread started: English Nodes 2-48 
2015/02/10 15:24:54 INFO  - jmeter.threads.JMeterThread: Thread started: English Nodes 2-49 
2015/02/10 15:24:54 INFO  - jmeter.threads.JMeterThread: Thread started: English Nodes 2-50 
2015/02/10 15:24:59 INFO  - jmeter.threads.JMeterThread: Thread is done: English Nodes 2-2 
2015/02/10 15:24:59 INFO  - jmeter.threads.JMeterThread: Thread finished: English Nodes 2-2 
2015/02/10 15:24:59 INFO  - jmeter.threads.JMeterThread: Thread is done: English Nodes 2-1 
2015/02/10 15:24:59 INFO  - jmeter.threads.JMeterThread: Thread finished: English Nodes 2-1 
2015/02/10 15:25:00 INFO  - jmeter.threads.JMeterThread: Thread is done: English Nodes 2-3 
2015/02/10 15:25:00 INFO  - jmeter.threads.JMeterThread: Thread finished: English Nodes 2-3 
2015/02/10 15:25:00 INFO  - jmeter.threads.JMeterThread: Thread is done: English Nodes 2-4 
2015/02/10 15:25:00 INFO  - jmeter.threads.JMeterThread: Thread finished: English Nodes 2-4 
2015/02/10 15:25:00 INFO  - jmeter.threads.JMeterThread: Thread is done: English Nodes 2-5 
2015/02/10 15:25:00 INFO  - jmeter.threads.JMeterThread: Thread finished: English Nodes 2-5 
2015/02/10 15:25:01 INFO  - jmeter.threads.JMeterThread: Thread is done: English Nodes 2-6 
2015/02/10 15:25:01 INFO  - jmeter.threads.JMeterThread: Thread finished: English Nodes 2-6 
2015/02/10 15:25:01 INFO  - jmeter.threads.JMeterThread: Thread is done: English Nodes 2-7 
2015/02/10 15:25:01 INFO  - jmeter.threads.JMeterThread: Thread finished: English Nodes 2-7 
2015/02/10 15:25:01 INFO  - jmeter.threads.JMeterThread: Thread is done: English Nodes 2-8 
2015/02/10 15:25:01 INFO  - jmeter.threads.JMeterThread: Thread finished: English Nodes 2-8 
2015/02/10 15:25:01 INFO  - jmeter.threads.JMeterThread: Thread is done: English Nodes 2-9 
2015/02/10 15:25:01 INFO  - jmeter.threads.JMeterThread: Thread finished: English Nodes 2-9 
2015/02/10 15:25:01 INFO  - jmeter.threads.JMeterThread: Thread is done: English Nodes 2-10 
2015/02/10 15:25:01 INFO  - jmeter.threads.JMeterThread: Thread finished: English Nodes 2-10 
2015/02/10 15:25:02 INFO  - jmeter.threads.JMeterThread: Thread is done: English Nodes 2-11 
2015/02/10 15:25:02 INFO  - jmeter.threads.JMeterThread: Thread finished: English Nodes 2-11 
2015/02/10 15:25:02 INFO  - jmeter.threads.JMeterThread: Thread is done: English Nodes 2-13 
2015/02/10 15:25:02 INFO  - jmeter.threads.JMeterThread: Thread finished: English Nodes 2-13 
2015/02/10 15:25:02 INFO  - jmeter.threads.JMeterThread: Thread is done: English Nodes 2-12 
2015/02/10 15:25:02 INFO  - jmeter.threads.JMeterThread: Thread finished: English Nodes 2-12 
2015/02/10 15:25:02 INFO  - jmeter.threads.JMeterThread: Thread is done: English Nodes 2-15 
2015/02/10 15:25:02 INFO  - jmeter.threads.JMeterThread: Thread finished: English Nodes 2-15 
2015/02/10 15:25:02 INFO  - jmeter.threads.JMeterThread: Thread is done: English Nodes 2-14 
2015/02/10 15:25:02 INFO  - jmeter.threads.JMeterThread: Thread finished: English Nodes 2-14 
2015/02/10 15:25:02 INFO  - jmeter.threads.JMeterThread: Thread is done: English Nodes 2-16 
2015/02/10 15:25:02 INFO  - jmeter.threads.JMeterThread: Thread finished: English Nodes 2-16 
2015/02/10 15:25:02 INFO  - jmeter.threads.JMeterThread: Thread is done: English Nodes 2-18 
2015/02/10 15:25:02 INFO  - jmeter.threads.JMeterThread: Thread finished: English Nodes 2-18 
2015/02/10 15:25:02 INFO  - jmeter.threads.JMeterThread: Thread is done: English Nodes 2-17 
2015/02/10 15:25:02 INFO  - jmeter.threads.JMeterThread: Thread finished: English Nodes 2-17 
2015/02/10 15:25:02 INFO  - jmeter.threads.JMeterThread: Thread is done: English Nodes 2-19 
2015/02/10 15:25:02 INFO  - jmeter.threads.JMeterThread: Thread finished: English Nodes 2-19 
2015/02/10 15:25:02 INFO  - jmeter.threads.JMeterThread: Thread is done: English Nodes 2-20 
2015/02/10 15:25:02 INFO  - jmeter.threads.JMeterThread: Thread finished: English Nodes 2-20 
2015/02/10 15:25:02 INFO  - jmeter.threads.JMeterThread: Thread is done: English Nodes 2-21 
2015/02/10 15:25:02 INFO  - jmeter.threads.JMeterThread: Thread finished: English Nodes 2-21 
2015/02/10 15:25:02 INFO  - jmeter.threads.JMeterThread: Thread is done: English Nodes 2-22 
2015/02/10 15:25:02 INFO  - jmeter.threads.JMeterThread: Thread finished: English Nodes 2-22 
2015/02/10 15:25:03 INFO  - jmeter.threads.JMeterThread: Thread is done: English Nodes 2-24 
2015/02/10 15:25:03 INFO  - jmeter.threads.JMeterThread: Thread finished: English Nodes 2-24 
2015/02/10 15:25:03 INFO  - jmeter.threads.JMeterThread: Thread is done: English Nodes 2-23 
2015/02/10 15:25:03 INFO  - jmeter.threads.JMeterThread: Thread finished: English Nodes 2-23 
2015/02/10 15:25:03 INFO  - jmeter.threads.JMeterThread: Thread is done: English Nodes 2-25 
2015/02/10 15:25:03 INFO  - jmeter.threads.JMeterThread: Thread finished: English Nodes 2-25 
2015/02/10 15:25:03 INFO  - jmeter.threads.JMeterThread: Thread is done: English Nodes 2-26 
2015/02/10 15:25:03 INFO  - jmeter.threads.JMeterThread: Thread finished: English Nodes 2-26 
2015/02/10 15:25:03 INFO  - jmeter.threads.JMeterThread: Thread is done: English Nodes 2-27 
2015/02/10 15:25:03 INFO  - jmeter.threads.JMeterThread: Thread finished: English Nodes 2-27 
2015/02/10 15:25:03 INFO  - jmeter.threads.JMeterThread: Thread is done: English Nodes 2-30 
2015/02/10 15:25:03 INFO  - jmeter.threads.JMeterThread: Thread finished: English Nodes 2-30 
2015/02/10 15:25:03 INFO  - jmeter.threads.JMeterThread: Thread is done: English Nodes 2-28 
2015/02/10 15:25:03 INFO  - jmeter.threads.JMeterThread: Thread finished: English Nodes 2-28 
2015/02/10 15:25:03 INFO  - jmeter.threads.JMeterThread: Thread is done: English Nodes 2-31 
2015/02/10 15:25:03 INFO  - jmeter.threads.JMeterThread: Thread finished: English Nodes 2-31 
2015/02/10 15:25:03 INFO  - jmeter.threads.JMeterThread: Thread is done: English Nodes 2-29 
2015/02/10 15:25:03 INFO  - jmeter.threads.JMeterThread: Thread finished: English Nodes 2-29 
2015/02/10 15:25:03 INFO  - jmeter.threads.JMeterThread: Thread is done: English Nodes 2-33 
2015/02/10 15:25:03 INFO  - jmeter.threads.JMeterThread: Thread finished: English Nodes 2-33 
2015/02/10 15:25:03 INFO  - jmeter.threads.JMeterThread: Thread is done: English Nodes 2-32 
2015/02/10 15:25:03 INFO  - jmeter.threads.JMeterThread: Thread finished: English Nodes 2-32 
2015/02/10 15:25:03 INFO  - jmeter.threads.JMeterThread: Thread is done: English Nodes 2-35 
2015/02/10 15:25:03 INFO  - jmeter.threads.JMeterThread: Thread finished: English Nodes 2-35 
2015/02/10 15:25:03 INFO  - jmeter.threads.JMeterThread: Thread is done: English Nodes 2-36 
2015/02/10 15:25:03 INFO  - jmeter.threads.JMeterThread: Thread finished: English Nodes 2-36 
2015/02/10 15:25:03 INFO  - jmeter.threads.JMeterThread: Thread is done: English Nodes 2-37 
2015/02/10 15:25:03 INFO  - jmeter.threads.JMeterThread: Thread finished: English Nodes 2-37 
2015/02/10 15:25:03 INFO  - jmeter.threads.JMeterThread: Thread is done: English Nodes 2-34 
2015/02/10 15:25:03 INFO  - jmeter.threads.JMeterThread: Thread finished: English Nodes 2-34 
2015/02/10 15:25:03 INFO  - jmeter.threads.JMeterThread: Thread is done: English Nodes 2-38 
2015/02/10 15:25:03 INFO  - jmeter.threads.JMeterThread: Thread finished: English Nodes 2-38 
2015/02/10 15:25:03 INFO  - jmeter.threads.JMeterThread: Thread is done: English Nodes 2-41 
2015/02/10 15:25:03 INFO  - jmeter.threads.JMeterThread: Thread finished: English Nodes 2-41 
2015/02/10 15:25:03 INFO  - jmeter.threads.JMeterThread: Thread is done: English Nodes 2-39 
2015/02/10 15:25:03 INFO  - jmeter.threads.JMeterThread: Thread finished: English Nodes 2-39 
2015/02/10 15:25:03 INFO  - jmeter.threads.JMeterThread: Thread is done: English Nodes 2-40 
2015/02/10 15:25:03 INFO  - jmeter.threads.JMeterThread: Thread finished: English Nodes 2-40 
2015/02/10 15:25:03 INFO  - jmeter.threads.JMeterThread: Thread is done: English Nodes 2-43 
2015/02/10 15:25:03 INFO  - jmeter.threads.JMeterThread: Thread finished: English Nodes 2-43 
2015/02/10 15:25:03 INFO  - jmeter.threads.JMeterThread: Thread is done: English Nodes 2-42 
2015/02/10 15:25:03 INFO  - jmeter.threads.JMeterThread: Thread finished: English Nodes 2-42 
2015/02/10 15:25:03 INFO  - jmeter.threads.JMeterThread: Thread is done: English Nodes 2-44 
2015/02/10 15:25:03 INFO  - jmeter.threads.JMeterThread: Thread finished: English Nodes 2-44 
2015/02/10 15:25:03 INFO  - jmeter.threads.JMeterThread: Thread is done: English Nodes 2-46 
2015/02/10 15:25:03 INFO  - jmeter.threads.JMeterThread: Thread finished: English Nodes 2-46 
2015/02/10 15:25:03 INFO  - jmeter.threads.JMeterThread: Thread is done: English Nodes 2-45 
2015/02/10 15:25:03 INFO  - jmeter.threads.JMeterThread: Thread finished: English Nodes 2-45 
2015/02/10 15:25:03 INFO  - jmeter.threads.JMeterThread: Thread is done: English Nodes 2-47 
2015/02/10 15:25:03 INFO  - jmeter.threads.JMeterThread: Thread finished: English Nodes 2-47 
2015/02/10 15:25:03 INFO  - jmeter.threads.JMeterThread: Thread is done: English Nodes 2-49 
2015/02/10 15:25:03 INFO  - jmeter.threads.JMeterThread: Thread finished: English Nodes 2-49 
2015/02/10 15:25:03 INFO  - jmeter.threads.JMeterThread: Thread is done: English Nodes 2-50 
2015/02/10 15:25:03 INFO  - jmeter.threads.JMeterThread: Thread finished: English Nodes 2-50 
2015/02/10 15:25:03 INFO  - jmeter.threads.JMeterThread: Thread is done: English Nodes 2-48 
2015/02/10 15:25:03 INFO  - jmeter.threads.JMeterThread: Thread finished: English Nodes 2-48 
2015/02/10 15:25:03 INFO  - jmeter.engine.StandardJMeterEngine: Notifying test listeners of end of test 
2015/02/10 15:25:03 INFO  - jmeter.gui.util.JMeterMenuBar: setRunning(false,*local*) 
2015/02/10 15:25:31 INFO  - jmeter.engine.StandardJMeterEngine: Running the test! 
2015/02/10 15:25:31 INFO  - jmeter.samplers.SampleEvent: List of sample_variables: [] 
2015/02/10 15:25:31 INFO  - jmeter.gui.util.JMeterMenuBar: setRunning(true,*local*) 
2015/02/10 15:25:31 INFO  - jmeter.engine.StandardJMeterEngine: Starting ThreadGroup: 1 : All Nodes 
2015/02/10 15:25:31 INFO  - jmeter.engine.StandardJMeterEngine: Starting 0 threads for group All Nodes. 
2015/02/10 15:25:31 INFO  - jmeter.engine.StandardJMeterEngine: Thread will continue on error 
2015/02/10 15:25:31 INFO  - jmeter.threads.ThreadGroup: Starting thread group number 1 threads 0 ramp-up 1 perThread Infinity delayedStart=false 
2015/02/10 15:25:31 INFO  - jmeter.threads.ThreadGroup: Started thread group number 1 
2015/02/10 15:25:31 INFO  - jmeter.engine.StandardJMeterEngine: Starting ThreadGroup: 2 : English Nodes 
2015/02/10 15:25:31 INFO  - jmeter.engine.StandardJMeterEngine: Starting 1 threads for group English Nodes. 
2015/02/10 15:25:31 INFO  - jmeter.engine.StandardJMeterEngine: Thread will continue on error 
2015/02/10 15:25:31 INFO  - jmeter.threads.ThreadGroup: Starting thread group number 2 threads 1 ramp-up 1 perThread 1000.0 delayedStart=false 
2015/02/10 15:25:31 INFO  - jmeter.threads.ThreadGroup: Started thread group number 2 
2015/02/10 15:25:31 INFO  - jmeter.engine.StandardJMeterEngine: Starting ThreadGroup: 3 : French Nodes 
2015/02/10 15:25:31 INFO  - jmeter.engine.StandardJMeterEngine: Starting 0 threads for group French Nodes. 
2015/02/10 15:25:31 INFO  - jmeter.engine.StandardJMeterEngine: Thread will continue on error 
2015/02/10 15:25:31 INFO  - jmeter.threads.ThreadGroup: Starting thread group number 3 threads 0 ramp-up 1 perThread Infinity delayedStart=false 
2015/02/10 15:25:31 INFO  - jmeter.threads.ThreadGroup: Started thread group number 3 
2015/02/10 15:25:31 INFO  - jmeter.engine.StandardJMeterEngine: Starting ThreadGroup: 4 : Chinese Nodes 
2015/02/10 15:25:31 INFO  - jmeter.engine.StandardJMeterEngine: Starting 0 threads for group Chinese Nodes. 
2015/02/10 15:25:31 INFO  - jmeter.engine.StandardJMeterEngine: Thread will continue on error 
2015/02/10 15:25:31 INFO  - jmeter.threads.ThreadGroup: Starting thread group number 4 threads 0 ramp-up 1 perThread Infinity delayedStart=false 
2015/02/10 15:25:31 INFO  - jmeter.threads.ThreadGroup: Started thread group number 4 
2015/02/10 15:25:31 INFO  - jmeter.engine.StandardJMeterEngine: All thread groups have been started 
2015/02/10 15:25:31 INFO  - jmeter.threads.JMeterThread: Thread started: English Nodes 2-1 
2015/02/10 15:25:38 INFO  - jmeter.threads.JMeterThread: Thread is done: English Nodes 2-1 
2015/02/10 15:25:38 INFO  - jmeter.threads.JMeterThread: Thread finished: English Nodes 2-1 
2015/02/10 15:25:38 INFO  - jmeter.engine.StandardJMeterEngine: Notifying test listeners of end of test 
2015/02/10 15:25:38 INFO  - jmeter.gui.util.JMeterMenuBar: setRunning(false,*local*) 
2015/02/10 15:26:04 INFO  - jmeter.engine.StandardJMeterEngine: Running the test! 
2015/02/10 15:26:04 INFO  - jmeter.samplers.SampleEvent: List of sample_variables: [] 
2015/02/10 15:26:04 INFO  - jmeter.gui.util.JMeterMenuBar: setRunning(true,*local*) 
2015/02/10 15:26:04 INFO  - jmeter.engine.StandardJMeterEngine: Starting ThreadGroup: 1 : All Nodes 
2015/02/10 15:26:04 INFO  - jmeter.engine.StandardJMeterEngine: Starting 0 threads for group All Nodes. 
2015/02/10 15:26:04 INFO  - jmeter.engine.StandardJMeterEngine: Thread will continue on error 
2015/02/10 15:26:04 INFO  - jmeter.threads.ThreadGroup: Starting thread group number 1 threads 0 ramp-up 1 perThread Infinity delayedStart=false 
2015/02/10 15:26:04 INFO  - jmeter.threads.ThreadGroup: Started thread group number 1 
2015/02/10 15:26:04 INFO  - jmeter.engine.StandardJMeterEngine: Starting ThreadGroup: 2 : English Nodes 
2015/02/10 15:26:04 INFO  - jmeter.engine.StandardJMeterEngine: Starting 10 threads for group English Nodes. 
2015/02/10 15:26:04 INFO  - jmeter.engine.StandardJMeterEngine: Thread will continue on error 
2015/02/10 15:26:04 INFO  - jmeter.threads.ThreadGroup: Starting thread group number 2 threads 10 ramp-up 1 perThread 100.0 delayedStart=false 
2015/02/10 15:26:04 INFO  - jmeter.threads.JMeterThread: Thread started: English Nodes 2-1 
2015/02/10 15:26:04 INFO  - jmeter.threads.ThreadGroup: Started thread group number 2 
2015/02/10 15:26:04 INFO  - jmeter.engine.StandardJMeterEngine: Starting ThreadGroup: 3 : French Nodes 
2015/02/10 15:26:04 INFO  - jmeter.engine.StandardJMeterEngine: Starting 0 threads for group French Nodes. 
2015/02/10 15:26:04 INFO  - jmeter.engine.StandardJMeterEngine: Thread will continue on error 
2015/02/10 15:26:04 INFO  - jmeter.threads.ThreadGroup: Starting thread group number 3 threads 0 ramp-up 1 perThread Infinity delayedStart=false 
2015/02/10 15:26:04 INFO  - jmeter.threads.ThreadGroup: Started thread group number 3 
2015/02/10 15:26:04 INFO  - jmeter.engine.StandardJMeterEngine: Starting ThreadGroup: 4 : Chinese Nodes 
2015/02/10 15:26:04 INFO  - jmeter.engine.StandardJMeterEngine: Starting 0 threads for group Chinese Nodes. 
2015/02/10 15:26:04 INFO  - jmeter.engine.StandardJMeterEngine: Thread will continue on error 
2015/02/10 15:26:04 INFO  - jmeter.threads.ThreadGroup: Starting thread group number 4 threads 0 ramp-up 1 perThread Infinity delayedStart=false 
2015/02/10 15:26:04 INFO  - jmeter.threads.ThreadGroup: Started thread group number 4 
2015/02/10 15:26:04 INFO  - jmeter.engine.StandardJMeterEngine: All thread groups have been started 
2015/02/10 15:26:04 INFO  - jmeter.threads.JMeterThread: Thread started: English Nodes 2-2 
2015/02/10 15:26:04 INFO  - jmeter.threads.JMeterThread: Thread started: English Nodes 2-3 
2015/02/10 15:26:04 INFO  - jmeter.threads.JMeterThread: Thread started: English Nodes 2-4 
2015/02/10 15:26:04 INFO  - jmeter.threads.JMeterThread: Thread started: English Nodes 2-5 
2015/02/10 15:26:04 INFO  - jmeter.threads.JMeterThread: Thread started: English Nodes 2-6 
2015/02/10 15:26:04 INFO  - jmeter.threads.JMeterThread: Thread started: English Nodes 2-7 
2015/02/10 15:26:05 INFO  - jmeter.threads.JMeterThread: Thread started: English Nodes 2-8 
2015/02/10 15:26:05 INFO  - jmeter.threads.JMeterThread: Thread started: English Nodes 2-9 
2015/02/10 15:26:05 INFO  - jmeter.threads.JMeterThread: Thread started: English Nodes 2-10 
2015/02/10 15:26:23 INFO  - jmeter.threads.JMeterThread: Thread is done: English Nodes 2-1 
2015/02/10 15:26:23 INFO  - jmeter.threads.JMeterThread: Thread finished: English Nodes 2-1 
2015/02/10 15:26:23 INFO  - jmeter.threads.JMeterThread: Thread is done: English Nodes 2-2 
2015/02/10 15:26:23 INFO  - jmeter.threads.JMeterThread: Thread finished: English Nodes 2-2 
2015/02/10 15:26:23 INFO  - jmeter.threads.JMeterThread: Thread is done: English Nodes 2-3 
2015/02/10 15:26:23 INFO  - jmeter.threads.JMeterThread: Thread finished: English Nodes 2-3 
2015/02/10 15:26:23 INFO  - jmeter.threads.JMeterThread: Thread is done: English Nodes 2-4 
2015/02/10 15:26:23 INFO  - jmeter.threads.JMeterThread: Thread finished: English Nodes 2-4 
2015/02/10 15:26:23 INFO  - jmeter.threads.JMeterThread: Thread is done: English Nodes 2-6 
2015/02/10 15:26:23 INFO  - jmeter.threads.JMeterThread: Thread finished: English Nodes 2-6 
2015/02/10 15:26:23 INFO  - jmeter.threads.JMeterThread: Thread is done: English Nodes 2-5 
2015/02/10 15:26:23 INFO  - jmeter.threads.JMeterThread: Thread finished: English Nodes 2-5 
2015/02/10 15:26:24 INFO  - jmeter.threads.JMeterThread: Thread is done: English Nodes 2-7 
2015/02/10 15:26:24 INFO  - jmeter.threads.JMeterThread: Thread finished: English Nodes 2-7 
2015/02/10 15:26:24 INFO  - jmeter.threads.JMeterThread: Thread is done: English Nodes 2-8 
2015/02/10 15:26:24 INFO  - jmeter.threads.JMeterThread: Thread finished: English Nodes 2-8 
2015/02/10 15:26:24 INFO  - jmeter.threads.JMeterThread: Thread is done: English Nodes 2-10 
2015/02/10 15:26:24 INFO  - jmeter.threads.JMeterThread: Thread finished: English Nodes 2-10 
2015/02/10 15:26:24 INFO  - jmeter.threads.JMeterThread: Thread is done: English Nodes 2-9 
2015/02/10 15:26:24 INFO  - jmeter.threads.JMeterThread: Thread finished: English Nodes 2-9 
2015/02/10 15:26:24 INFO  - jmeter.engine.StandardJMeterEngine: Notifying test listeners of end of test 
2015/02/10 15:26:24 INFO  - jmeter.gui.util.JMeterMenuBar: setRunning(false,*local*) 
2015/02/10 15:26:52 INFO  - jmeter.engine.StandardJMeterEngine: Running the test! 
2015/02/10 15:26:52 INFO  - jmeter.samplers.SampleEvent: List of sample_variables: [] 
2015/02/10 15:26:52 INFO  - jmeter.gui.util.JMeterMenuBar: setRunning(true,*local*) 
2015/02/10 15:26:52 INFO  - jmeter.engine.StandardJMeterEngine: Starting ThreadGroup: 1 : All Nodes 
2015/02/10 15:26:52 INFO  - jmeter.engine.StandardJMeterEngine: Starting 0 threads for group All Nodes. 
2015/02/10 15:26:52 INFO  - jmeter.engine.StandardJMeterEngine: Thread will continue on error 
2015/02/10 15:26:52 INFO  - jmeter.threads.ThreadGroup: Starting thread group number 1 threads 0 ramp-up 1 perThread Infinity delayedStart=false 
2015/02/10 15:26:52 INFO  - jmeter.threads.ThreadGroup: Started thread group number 1 
2015/02/10 15:26:52 INFO  - jmeter.engine.StandardJMeterEngine: Starting ThreadGroup: 2 : English Nodes 
2015/02/10 15:26:52 INFO  - jmeter.engine.StandardJMeterEngine: Starting 10 threads for group English Nodes. 
2015/02/10 15:26:52 INFO  - jmeter.engine.StandardJMeterEngine: Thread will continue on error 
2015/02/10 15:26:52 INFO  - jmeter.threads.ThreadGroup: Starting thread group number 2 threads 10 ramp-up 1 perThread 100.0 delayedStart=false 
2015/02/10 15:26:52 INFO  - jmeter.threads.JMeterThread: Thread started: English Nodes 2-1 
2015/02/10 15:26:52 INFO  - jmeter.threads.ThreadGroup: Started thread group number 2 
2015/02/10 15:26:52 INFO  - jmeter.engine.StandardJMeterEngine: Starting ThreadGroup: 3 : French Nodes 
2015/02/10 15:26:52 INFO  - jmeter.engine.StandardJMeterEngine: Starting 0 threads for group French Nodes. 
2015/02/10 15:26:52 INFO  - jmeter.engine.StandardJMeterEngine: Thread will continue on error 
2015/02/10 15:26:52 INFO  - jmeter.threads.ThreadGroup: Starting thread group number 3 threads 0 ramp-up 1 perThread Infinity delayedStart=false 
2015/02/10 15:26:52 INFO  - jmeter.threads.ThreadGroup: Started thread group number 3 
2015/02/10 15:26:52 INFO  - jmeter.engine.StandardJMeterEngine: Starting ThreadGroup: 4 : Chinese Nodes 
2015/02/10 15:26:52 INFO  - jmeter.engine.StandardJMeterEngine: Starting 0 threads for group Chinese Nodes. 
2015/02/10 15:26:52 INFO  - jmeter.engine.StandardJMeterEngine: Thread will continue on error 
2015/02/10 15:26:52 INFO  - jmeter.threads.ThreadGroup: Starting thread group number 4 threads 0 ramp-up 1 perThread Infinity delayedStart=false 
2015/02/10 15:26:52 INFO  - jmeter.threads.ThreadGroup: Started thread group number 4 
2015/02/10 15:26:52 INFO  - jmeter.engine.StandardJMeterEngine: All thread groups have been started 
2015/02/10 15:26:52 INFO  - jmeter.threads.JMeterThread: Thread started: English Nodes 2-2 
2015/02/10 15:26:52 INFO  - jmeter.threads.JMeterThread: Thread started: English Nodes 2-3 
2015/02/10 15:26:52 INFO  - jmeter.threads.JMeterThread: Thread started: English Nodes 2-4 
2015/02/10 15:26:52 INFO  - jmeter.threads.JMeterThread: Thread started: English Nodes 2-5 
2015/02/10 15:26:52 INFO  - jmeter.threads.JMeterThread: Thread started: English Nodes 2-6 
2015/02/10 15:26:52 INFO  - jmeter.threads.JMeterThread: Thread started: English Nodes 2-7 
2015/02/10 15:26:52 INFO  - jmeter.threads.JMeterThread: Thread started: English Nodes 2-8 
2015/02/10 15:26:52 INFO  - jmeter.threads.JMeterThread: Thread started: English Nodes 2-9 
2015/02/10 15:26:53 INFO  - jmeter.threads.JMeterThread: Thread started: English Nodes 2-10 
2015/02/10 15:28:33 INFO  - jmeter.threads.JMeterThread: Thread is done: English Nodes 2-1 
2015/02/10 15:28:33 INFO  - jmeter.threads.JMeterThread: Thread finished: English Nodes 2-1 
2015/02/10 15:28:33 INFO  - jmeter.threads.JMeterThread: Thread is done: English Nodes 2-2 
2015/02/10 15:28:33 INFO  - jmeter.threads.JMeterThread: Thread finished: English Nodes 2-2 
2015/02/10 15:28:33 INFO  - jmeter.threads.JMeterThread: Thread is done: English Nodes 2-3 
2015/02/10 15:28:33 INFO  - jmeter.threads.JMeterThread: Thread finished: English Nodes 2-3 
2015/02/10 15:28:34 INFO  - jmeter.threads.JMeterThread: Thread is done: English Nodes 2-5 
2015/02/10 15:28:34 INFO  - jmeter.threads.JMeterThread: Thread finished: English Nodes 2-5 
2015/02/10 15:28:34 INFO  - jmeter.threads.JMeterThread: Thread is done: English Nodes 2-4 
2015/02/10 15:28:34 INFO  - jmeter.threads.JMeterThread: Thread finished: English Nodes 2-4 
2015/02/10 15:28:34 INFO  - jmeter.threads.JMeterThread: Thread is done: English Nodes 2-7 
2015/02/10 15:28:34 INFO  - jmeter.threads.JMeterThread: Thread finished: English Nodes 2-7 
2015/02/10 15:28:34 INFO  - jmeter.threads.JMeterThread: Thread is done: English Nodes 2-6 
2015/02/10 15:28:34 INFO  - jmeter.threads.JMeterThread: Thread finished: English Nodes 2-6 
2015/02/10 15:28:34 INFO  - jmeter.threads.JMeterThread: Thread is done: English Nodes 2-9 
2015/02/10 15:28:34 INFO  - jmeter.threads.JMeterThread: Thread finished: English Nodes 2-9 
2015/02/10 15:28:34 INFO  - jmeter.threads.JMeterThread: Thread is done: English Nodes 2-8 
2015/02/10 15:28:34 INFO  - jmeter.threads.JMeterThread: Thread finished: English Nodes 2-8 
2015/02/10 15:28:34 INFO  - jmeter.threads.JMeterThread: Thread is done: English Nodes 2-10 
2015/02/10 15:28:34 INFO  - jmeter.threads.JMeterThread: Thread finished: English Nodes 2-10 
2015/02/10 15:28:34 INFO  - jmeter.engine.StandardJMeterEngine: Notifying test listeners of end of test 
2015/02/10 15:28:34 INFO  - jmeter.gui.util.JMeterMenuBar: setRunning(false,*local*) 
